\BOOKMARK [0][-]{chapter.1}{Introduction \340 la cosmologie}{}% 1
\BOOKMARK [1][-]{section.1.1}{Qu'est-ce que la cosmologie ?}{chapter.1}% 2
\BOOKMARK [1][-]{section.1.2}{Le mod\350le CDM}{chapter.1}% 3
\BOOKMARK [1][-]{section.1.3}{La fonction de corr\351lation de la mati\350re}{chapter.1}% 4
\BOOKMARK [1][-]{section.1.4}{Les oscillations acoustiques de baryon}{chapter.1}% 5
\BOOKMARK [1][-]{section.1.5}{Traceurs de la mati\350re}{chapter.1}% 6
\BOOKMARK [0][-]{chapter.2}{Le relev\351 eBOSS de SDSS}{}% 7
\BOOKMARK [1][-]{section.2.1}{Le Sloan Digital Sky Survey}{chapter.2}% 8
\BOOKMARK [1][-]{section.2.2}{eBOSS}{chapter.2}% 9
\BOOKMARK [1][-]{section.2.3}{DESI}{chapter.2}% 10
\BOOKMARK [0][-]{chapter.3}{Pr\351sentation des donn\351es}{}% 11
\BOOKMARK [1][-]{section.3.1}{R\351duction des donn\351es}{chapter.3}% 12
\BOOKMARK [1][-]{section.3.2}{Le catalogue de quasar}{chapter.3}% 13
\BOOKMARK [1][-]{section.3.3}{La s\351lection des for\352ts}{chapter.3}% 14
\BOOKMARK [1][-]{section.3.4}{D\351finition du champ d'absorption}{chapter.3}% 15
\BOOKMARK [0][-]{chapter.4}{D\351veloppement des mocks}{}% 16
\BOOKMARK [1][-]{section.4.1}{Objectifs des mocks}{chapter.4}% 17
\BOOKMARK [1][-]{section.4.2}{Construction des mocks}{chapter.4}% 18
\BOOKMARK [1][-]{section.4.3}{Production des mocks}{chapter.4}% 19
\BOOKMARK [1][-]{section.4.4}{Ajustement des param\350tres}{chapter.4}% 20
\BOOKMARK [1][-]{section.4.5}{Expansion des mocks}{chapter.4}% 21
\BOOKMARK [0][-]{chapter.5}{Validation des mocks}{}% 22
\BOOKMARK [1][-]{section.5.1}{Les estimateurs}{chapter.5}% 23
\BOOKMARK [1][-]{section.5.2}{Les matrices de distorsion}{chapter.5}% 24
\BOOKMARK [1][-]{section.5.3}{Les matrices de covariance}{chapter.5}% 25
\BOOKMARK [1][-]{section.5.4}{Mod\351lisation des fonctions de corr\351lation}{chapter.5}% 26
\BOOKMARK [1][-]{section.5.5}{Analyse des mocks}{chapter.5}% 27
\BOOKMARK [0][-]{chapter.6}{Analyse des donn\351es et r\351sultats}{}% 28
\BOOKMARK [1][-]{section.6.1}{L'analyse des donn\351es DR16}{chapter.6}% 29
\BOOKMARK [1][-]{section.6.2}{Etude de la mod\351lisation des HCD}{chapter.6}% 30
